<?xml version="1.0" encoding="UTF-8"?>
<!-- Generated by org.testng.reporters.JUnitReportReporter -->
<testsuite hostname="smriti-pc" name="testcases.VerifyLoginPage" tests="1" failures="0" timestamp="1 Nov 2016 12:24:11 GMT" time="13.547" errors="0">
  <testcase name="testHomePage" time="13.547" classname="testcases.VerifyLoginPage"/>
</testsuite> <!-- testcases.VerifyLoginPage -->
