<?xml version="1.0" encoding="UTF-8"?>
<!-- Generated by org.testng.reporters.JUnitReportReporter -->
<testsuite hostname="smriti-pc" name="testcases.VerifyHomePage" tests="1" failures="0" timestamp="31 Oct 2016 18:30:03 GMT" time="8.512" errors="0">
  <testcase name="testHomePage" time="8.512" classname="testcases.VerifyHomePage"/>
</testsuite> <!-- testcases.VerifyHomePage -->
